# Logfile created on 2017-05-22 12:07:20 +0000 by logger.rb/53141
  INFO ---------------------------------------------------------------------------
  INFO START 2017-05-22 12:07:20 +0000 cap production deploy
  INFO ---------------------------------------------------------------------------
 DEBUG [9149d200] Running [ -d /usr/local/rbenv/versions/2.3.1 ] as anime@160.16.198.30
 DEBUG [9149d200] Command: [ -d /usr/local/rbenv/versions/2.3.1 ]
 DEBUG [9149d200] 	bash: warning: setlocale: LC_ALL: cannot change locale (C.UTF-8)
 DEBUG [9149d200] Finished in 1.159 seconds with exit status 0 (successful).
  INFO [225f6609] Running /usr/bin/env mkdir -p /tmp as anime@160.16.198.30
 DEBUG [225f6609] Command: ( export RBENV_ROOT="/usr/local/rbenv" RBENV_VERSION="2.3.1" ; /usr/bin/env mkdir -p /tmp )
 DEBUG [225f6609] 	bash: warning: setlocale: LC_ALL: cannot change locale (C.UTF-8)
  INFO [225f6609] Finished in 0.131 seconds with exit status 0 (successful).
 DEBUG Uploading /tmp/git-ssh-town-production-ubuntu.sh 0.0%
  INFO Uploading /tmp/git-ssh-town-production-ubuntu.sh 100.0%
  INFO [5ff3e9b2] Running /usr/bin/env chmod 700 /tmp/git-ssh-town-production-ubuntu.sh as anime@160.16.198.30
 DEBUG [5ff3e9b2] Command: ( export RBENV_ROOT="/usr/local/rbenv" RBENV_VERSION="2.3.1" ; /usr/bin/env chmod 700 /tmp/git-ssh-town-production-ubuntu.sh )
 DEBUG [5ff3e9b2] 	bash: warning: setlocale: LC_ALL: cannot change locale (C.UTF-8)
  INFO [5ff3e9b2] Finished in 0.093 seconds with exit status 0 (successful).
  INFO [d75f7684] Running /usr/bin/env git ls-remote https://github.com/sagaekeiga/town.git HEAD as anime@160.16.198.30
 DEBUG [d75f7684] Command: ( export RBENV_ROOT="/usr/local/rbenv" RBENV_VERSION="2.3.1" GIT_ASKPASS="/bin/echo" GIT_SSH="/tmp/git-ssh-town-production-ubuntu.sh" ; /usr/bin/env git ls-remote https://github.com/sagaekeiga/town.git HEAD )
 DEBUG [d75f7684] 	bash: warning: setlocale: LC_ALL: cannot change locale (C.UTF-8)
 DEBUG [d75f7684] 	809baf564e2eed1df543317647fd9f1036cd35de	HEAD
  INFO [d75f7684] Finished in 1.009 seconds with exit status 0 (successful).
  INFO [d55d58b8] Running /usr/bin/env mkdir -p /home/anime/town/shared /home/anime/town/releases as anime@160.16.198.30
 DEBUG [d55d58b8] Command: ( export RBENV_ROOT="/usr/local/rbenv" RBENV_VERSION="2.3.1" ; /usr/bin/env mkdir -p /home/anime/town/shared /home/anime/town/releases )
 DEBUG [d55d58b8] 	bash: warning: setlocale: LC_ALL: cannot change locale (C.UTF-8)
  INFO [d55d58b8] Finished in 0.191 seconds with exit status 0 (successful).
  INFO [66ae1870] Running /usr/bin/env mkdir -p /home/anime/town/shared/bin /home/anime/town/shared/log /home/anime/town/shared/tmp/backup /home/anime/town/shared/tmp/pids /home/anime/town/shared/tmp/cache /home/anime/town/shared/tmp/sockets /home/anime/town/shared/vendor/bundle /home/anime/town/shared/public/assets as anime@160.16.198.30
 DEBUG [66ae1870] Command: ( export RBENV_ROOT="/usr/local/rbenv" RBENV_VERSION="2.3.1" ; /usr/bin/env mkdir -p /home/anime/town/shared/bin /home/anime/town/shared/log /home/anime/town/shared/tmp/backup /home/anime/town/shared/tmp/pids /home/anime/town/shared/tmp/cache /home/anime/town/shared/tmp/sockets /home/anime/town/shared/vendor/bundle /home/anime/town/shared/public/assets )
 DEBUG [66ae1870] 	bash: warning: setlocale: LC_ALL: cannot change locale (C.UTF-8)
  INFO [66ae1870] Finished in 0.259 seconds with exit status 0 (successful).
 DEBUG [20b8a315] Running [ -f /home/anime/town/current/REVISION ] as anime@160.16.198.30
 DEBUG [20b8a315] Command: [ -f /home/anime/town/current/REVISION ]
 DEBUG [20b8a315] 	bash: warning: setlocale: LC_ALL: cannot change locale (C.UTF-8)
 DEBUG [20b8a315] Finished in 0.091 seconds with exit status 1 (failed).
 DEBUG [7c615ce6] Running [ -f /home/anime/town/repo/HEAD ] as anime@160.16.198.30
 DEBUG [7c615ce6] Command: [ -f /home/anime/town/repo/HEAD ]
 DEBUG [7c615ce6] 	bash: warning: setlocale: LC_ALL: cannot change locale (C.UTF-8)
 DEBUG [7c615ce6] Finished in 0.088 seconds with exit status 1 (failed).
 DEBUG [bf71fbe6] Running if test ! -d /home/anime/town/; then echo "Directory does not exist '/home/anime/town/'" 1>&2; false; fi as anime@160.16.198.30
 DEBUG [bf71fbe6] Command: if test ! -d /home/anime/town/; then echo "Directory does not exist '/home/anime/town/'" 1>&2; false; fi
 DEBUG [bf71fbe6] 	bash: warning: setlocale: LC_ALL: cannot change locale (C.UTF-8)
 DEBUG [bf71fbe6] Finished in 0.090 seconds with exit status 0 (successful).
  INFO [60126a88] Running /usr/bin/env git clone --mirror https://github.com/sagaekeiga/town.git /home/anime/town/repo as anime@160.16.198.30
 DEBUG [60126a88] Command: cd /home/anime/town/ && ( export RBENV_ROOT="/usr/local/rbenv" RBENV_VERSION="2.3.1" GIT_ASKPASS="/bin/echo" GIT_SSH="/tmp/git-ssh-town-production-ubuntu.sh" ; /usr/bin/env git clone --mirror https://github.com/sagaekeiga/town.git /home/anime/town/repo )
 DEBUG [60126a88] 	bash: warning: setlocale: LC_ALL: cannot change locale (C.UTF-8)
 DEBUG [60126a88] 	Initialized empty Git repository in /home/anime/town/repo/
  INFO [60126a88] Finished in 1.344 seconds with exit status 0 (successful).
 DEBUG [f28d96cc] Running if test ! -d /home/anime/town/repo; then echo "Directory does not exist '/home/anime/town/repo'" 1>&2; false; fi as anime@160.16.198.30
 DEBUG [f28d96cc] Command: if test ! -d /home/anime/town/repo; then echo "Directory does not exist '/home/anime/town/repo'" 1>&2; false; fi
 DEBUG [f28d96cc] 	bash: warning: setlocale: LC_ALL: cannot change locale (C.UTF-8)
 DEBUG [f28d96cc] Finished in 0.089 seconds with exit status 0 (successful).
  INFO [7895f81f] Running /usr/bin/env git remote set-url origin https://github.com/sagaekeiga/town.git as anime@160.16.198.30
 DEBUG [7895f81f] Command: cd /home/anime/town/repo && ( export RBENV_ROOT="/usr/local/rbenv" RBENV_VERSION="2.3.1" GIT_ASKPASS="/bin/echo" GIT_SSH="/tmp/git-ssh-town-production-ubuntu.sh" ; /usr/bin/env git remote set-url origin https://github.com/sagaekeiga/town.git )
 DEBUG [7895f81f] 	bash: warning: setlocale: LC_ALL: cannot change locale (C.UTF-8)
  INFO [7895f81f] Finished in 0.092 seconds with exit status 0 (successful).
  INFO [b9cb6dbd] Running /usr/bin/env git remote update --prune as anime@160.16.198.30
 DEBUG [b9cb6dbd] Command: cd /home/anime/town/repo && ( export RBENV_ROOT="/usr/local/rbenv" RBENV_VERSION="2.3.1" GIT_ASKPASS="/bin/echo" GIT_SSH="/tmp/git-ssh-town-production-ubuntu.sh" ; /usr/bin/env git remote update --prune )
 DEBUG [b9cb6dbd] 	bash: warning: setlocale: LC_ALL: cannot change locale (C.UTF-8)
 DEBUG [b9cb6dbd] 	Fetching origin
  INFO [b9cb6dbd] Finished in 0.599 seconds with exit status 0 (successful).
 DEBUG [8e4b299d] Running if test ! -d /home/anime/town/repo; then echo "Directory does not exist '/home/anime/town/repo'" 1>&2; false; fi as anime@160.16.198.30
 DEBUG [8e4b299d] Command: if test ! -d /home/anime/town/repo; then echo "Directory does not exist '/home/anime/town/repo'" 1>&2; false; fi
 DEBUG [8e4b299d] 	bash: warning: setlocale: LC_ALL: cannot change locale (C.UTF-8)
 DEBUG [8e4b299d] Finished in 0.088 seconds with exit status 0 (successful).
  INFO [dbcf8bee] Running /usr/bin/env mkdir -p /home/anime/town/releases/20170522120723 as anime@160.16.198.30
 DEBUG [dbcf8bee] Command: cd /home/anime/town/repo && ( export RBENV_ROOT="/usr/local/rbenv" RBENV_VERSION="2.3.1" GIT_ASKPASS="/bin/echo" GIT_SSH="/tmp/git-ssh-town-production-ubuntu.sh" ; /usr/bin/env mkdir -p /home/anime/town/releases/20170522120723 )
 DEBUG [dbcf8bee] 	bash: warning: setlocale: LC_ALL: cannot change locale (C.UTF-8)
  INFO [dbcf8bee] Finished in 0.113 seconds with exit status 0 (successful).
  INFO [86052981] Running /usr/bin/env git archive master | /usr/bin/env tar -x -f - -C /home/anime/town/releases/20170522120723 as anime@160.16.198.30
 DEBUG [86052981] Command: cd /home/anime/town/repo && ( export RBENV_ROOT="/usr/local/rbenv" RBENV_VERSION="2.3.1" GIT_ASKPASS="/bin/echo" GIT_SSH="/tmp/git-ssh-town-production-ubuntu.sh" ; /usr/bin/env git archive master | /usr/bin/env tar -x -f - -C /home/anime/town/releases/20170522120723 )
 DEBUG [86052981] 	bash: warning: setlocale: LC_ALL: cannot change locale (C.UTF-8)
  INFO [86052981] Finished in 0.244 seconds with exit status 0 (successful).
 DEBUG [89112f7b] Running if test ! -d /home/anime/town/repo; then echo "Directory does not exist '/home/anime/town/repo'" 1>&2; false; fi as anime@160.16.198.30
 DEBUG [89112f7b] Command: if test ! -d /home/anime/town/repo; then echo "Directory does not exist '/home/anime/town/repo'" 1>&2; false; fi
 DEBUG [89112f7b] 	bash: warning: setlocale: LC_ALL: cannot change locale (C.UTF-8)
 DEBUG [89112f7b] Finished in 0.088 seconds with exit status 0 (successful).
 DEBUG [abe5d991] Running /usr/bin/env git rev-list --max-count=1 master as anime@160.16.198.30
 DEBUG [abe5d991] Command: cd /home/anime/town/repo && ( export RBENV_ROOT="/usr/local/rbenv" RBENV_VERSION="2.3.1" GIT_ASKPASS="/bin/echo" GIT_SSH="/tmp/git-ssh-town-production-ubuntu.sh" ; /usr/bin/env git rev-list --max-count=1 master )
 DEBUG [abe5d991] 	bash: warning: setlocale: LC_ALL: cannot change locale (C.UTF-8)
 DEBUG [abe5d991] 	809baf564e2eed1df543317647fd9f1036cd35de
 DEBUG [abe5d991] Finished in 0.089 seconds with exit status 0 (successful).
 DEBUG [36e0a999] Running if test ! -d /home/anime/town/releases/20170522120723; then echo "Directory does not exist '/home/anime/town/releases/20170522120723'" 1>&2; false; fi as anime@160.16.198.30
 DEBUG [36e0a999] Command: if test ! -d /home/anime/town/releases/20170522120723; then echo "Directory does not exist '/home/anime/town/releases/20170522120723'" 1>&2; false; fi
 DEBUG [36e0a999] 	bash: warning: setlocale: LC_ALL: cannot change locale (C.UTF-8)
 DEBUG [36e0a999] Finished in 0.087 seconds with exit status 0 (successful).
  INFO [792ea68e] Running /usr/bin/env echo "809baf564e2eed1df543317647fd9f1036cd35de" >> REVISION as anime@160.16.198.30
 DEBUG [792ea68e] Command: cd /home/anime/town/releases/20170522120723 && ( export RBENV_ROOT="/usr/local/rbenv" RBENV_VERSION="2.3.1" ; /usr/bin/env echo "809baf564e2eed1df543317647fd9f1036cd35de" >> REVISION )
 DEBUG [792ea68e] 	bash: warning: setlocale: LC_ALL: cannot change locale (C.UTF-8)
  INFO [792ea68e] Finished in 0.097 seconds with exit status 0 (successful).
  INFO [00d3f2c8] Running /usr/bin/env mkdir -p /home/anime/town/releases/20170522120723 /home/anime/town/releases/20170522120723/tmp /home/anime/town/releases/20170522120723/vendor /home/anime/town/releases/20170522120723/public as anime@160.16.198.30
 DEBUG [00d3f2c8] Command: ( export RBENV_ROOT="/usr/local/rbenv" RBENV_VERSION="2.3.1" ; /usr/bin/env mkdir -p /home/anime/town/releases/20170522120723 /home/anime/town/releases/20170522120723/tmp /home/anime/town/releases/20170522120723/vendor /home/anime/town/releases/20170522120723/public )
 DEBUG [00d3f2c8] 	bash: warning: setlocale: LC_ALL: cannot change locale (C.UTF-8)
  INFO [00d3f2c8] Finished in 0.089 seconds with exit status 0 (successful).
 DEBUG [9600ffc9] Running [ -L /home/anime/town/releases/20170522120723/bin ] as anime@160.16.198.30
 DEBUG [9600ffc9] Command: [ -L /home/anime/town/releases/20170522120723/bin ]
 DEBUG [9600ffc9] 	bash: warning: setlocale: LC_ALL: cannot change locale (C.UTF-8)
 DEBUG [9600ffc9] Finished in 0.087 seconds with exit status 1 (failed).
 DEBUG [45bd0689] Running [ -d /home/anime/town/releases/20170522120723/bin ] as anime@160.16.198.30
 DEBUG [45bd0689] Command: [ -d /home/anime/town/releases/20170522120723/bin ]
 DEBUG [45bd0689] 	bash: warning: setlocale: LC_ALL: cannot change locale (C.UTF-8)
 DEBUG [45bd0689] Finished in 0.086 seconds with exit status 0 (successful).
  INFO [ceba6df9] Running /usr/bin/env rm -rf /home/anime/town/releases/20170522120723/bin as anime@160.16.198.30
 DEBUG [ceba6df9] Command: ( export RBENV_ROOT="/usr/local/rbenv" RBENV_VERSION="2.3.1" ; /usr/bin/env rm -rf /home/anime/town/releases/20170522120723/bin )
 DEBUG [ceba6df9] 	bash: warning: setlocale: LC_ALL: cannot change locale (C.UTF-8)
  INFO [ceba6df9] Finished in 0.115 seconds with exit status 0 (successful).
  INFO [c5d7eec7] Running /usr/bin/env ln -s /home/anime/town/shared/bin /home/anime/town/releases/20170522120723/bin as anime@160.16.198.30
 DEBUG [c5d7eec7] Command: ( export RBENV_ROOT="/usr/local/rbenv" RBENV_VERSION="2.3.1" ; /usr/bin/env ln -s /home/anime/town/shared/bin /home/anime/town/releases/20170522120723/bin )
 DEBUG [c5d7eec7] 	bash: warning: setlocale: LC_ALL: cannot change locale (C.UTF-8)
  INFO [c5d7eec7] Finished in 0.097 seconds with exit status 0 (successful).
 DEBUG [f50879f9] Running [ -L /home/anime/town/releases/20170522120723/log ] as anime@160.16.198.30
 DEBUG [f50879f9] Command: [ -L /home/anime/town/releases/20170522120723/log ]
 DEBUG [f50879f9] 	bash: warning: setlocale: LC_ALL: cannot change locale (C.UTF-8)
 DEBUG [f50879f9] Finished in 0.087 seconds with exit status 1 (failed).
 DEBUG [c9413d19] Running [ -d /home/anime/town/releases/20170522120723/log ] as anime@160.16.198.30
 DEBUG [c9413d19] Command: [ -d /home/anime/town/releases/20170522120723/log ]
 DEBUG [c9413d19] 	bash: warning: setlocale: LC_ALL: cannot change locale (C.UTF-8)
 DEBUG [c9413d19] Finished in 0.088 seconds with exit status 0 (successful).
  INFO [bca7d81e] Running /usr/bin/env rm -rf /home/anime/town/releases/20170522120723/log as anime@160.16.198.30
 DEBUG [bca7d81e] Command: ( export RBENV_ROOT="/usr/local/rbenv" RBENV_VERSION="2.3.1" ; /usr/bin/env rm -rf /home/anime/town/releases/20170522120723/log )
 DEBUG [bca7d81e] 	bash: warning: setlocale: LC_ALL: cannot change locale (C.UTF-8)
  INFO [bca7d81e] Finished in 0.090 seconds with exit status 0 (successful).
  INFO [efb2383b] Running /usr/bin/env ln -s /home/anime/town/shared/log /home/anime/town/releases/20170522120723/log as anime@160.16.198.30
 DEBUG [efb2383b] Command: ( export RBENV_ROOT="/usr/local/rbenv" RBENV_VERSION="2.3.1" ; /usr/bin/env ln -s /home/anime/town/shared/log /home/anime/town/releases/20170522120723/log )
 DEBUG [efb2383b] 	bash: warning: setlocale: LC_ALL: cannot change locale (C.UTF-8)
  INFO [efb2383b] Finished in 0.088 seconds with exit status 0 (successful).
 DEBUG [be9c758c] Running [ -L /home/anime/town/releases/20170522120723/tmp/backup ] as anime@160.16.198.30
 DEBUG [be9c758c] Command: [ -L /home/anime/town/releases/20170522120723/tmp/backup ]
 DEBUG [be9c758c] 	bash: warning: setlocale: LC_ALL: cannot change locale (C.UTF-8)
 DEBUG [be9c758c] Finished in 0.090 seconds with exit status 1 (failed).
 DEBUG [f6fd7cc1] Running [ -d /home/anime/town/releases/20170522120723/tmp/backup ] as anime@160.16.198.30
 DEBUG [f6fd7cc1] Command: [ -d /home/anime/town/releases/20170522120723/tmp/backup ]
 DEBUG [f6fd7cc1] 	bash: warning: setlocale: LC_ALL: cannot change locale (C.UTF-8)
 DEBUG [f6fd7cc1] Finished in 0.088 seconds with exit status 1 (failed).
  INFO [c37e1762] Running /usr/bin/env ln -s /home/anime/town/shared/tmp/backup /home/anime/town/releases/20170522120723/tmp/backup as anime@160.16.198.30
 DEBUG [c37e1762] Command: ( export RBENV_ROOT="/usr/local/rbenv" RBENV_VERSION="2.3.1" ; /usr/bin/env ln -s /home/anime/town/shared/tmp/backup /home/anime/town/releases/20170522120723/tmp/backup )
 DEBUG [c37e1762] 	bash: warning: setlocale: LC_ALL: cannot change locale (C.UTF-8)
  INFO [c37e1762] Finished in 0.089 seconds with exit status 0 (successful).
 DEBUG [f5ef4dad] Running [ -L /home/anime/town/releases/20170522120723/tmp/pids ] as anime@160.16.198.30
 DEBUG [f5ef4dad] Command: [ -L /home/anime/town/releases/20170522120723/tmp/pids ]
 DEBUG [f5ef4dad] 	bash: warning: setlocale: LC_ALL: cannot change locale (C.UTF-8)
 DEBUG [f5ef4dad] Finished in 0.088 seconds with exit status 1 (failed).
 DEBUG [39d68dc2] Running [ -d /home/anime/town/releases/20170522120723/tmp/pids ] as anime@160.16.198.30
 DEBUG [39d68dc2] Command: [ -d /home/anime/town/releases/20170522120723/tmp/pids ]
 DEBUG [39d68dc2] 	bash: warning: setlocale: LC_ALL: cannot change locale (C.UTF-8)
 DEBUG [39d68dc2] Finished in 0.087 seconds with exit status 1 (failed).
  INFO [33ed2045] Running /usr/bin/env ln -s /home/anime/town/shared/tmp/pids /home/anime/town/releases/20170522120723/tmp/pids as anime@160.16.198.30
 DEBUG [33ed2045] Command: ( export RBENV_ROOT="/usr/local/rbenv" RBENV_VERSION="2.3.1" ; /usr/bin/env ln -s /home/anime/town/shared/tmp/pids /home/anime/town/releases/20170522120723/tmp/pids )
 DEBUG [33ed2045] 	bash: warning: setlocale: LC_ALL: cannot change locale (C.UTF-8)
  INFO [33ed2045] Finished in 0.090 seconds with exit status 0 (successful).
 DEBUG [ccc78775] Running [ -L /home/anime/town/releases/20170522120723/tmp/cache ] as anime@160.16.198.30
 DEBUG [ccc78775] Command: [ -L /home/anime/town/releases/20170522120723/tmp/cache ]
 DEBUG [ccc78775] 	bash: warning: setlocale: LC_ALL: cannot change locale (C.UTF-8)
 DEBUG [ccc78775] Finished in 0.086 seconds with exit status 1 (failed).
 DEBUG [67273907] Running [ -d /home/anime/town/releases/20170522120723/tmp/cache ] as anime@160.16.198.30
 DEBUG [67273907] Command: [ -d /home/anime/town/releases/20170522120723/tmp/cache ]
 DEBUG [67273907] 	bash: warning: setlocale: LC_ALL: cannot change locale (C.UTF-8)
 DEBUG [67273907] Finished in 0.086 seconds with exit status 1 (failed).
  INFO [80a6abda] Running /usr/bin/env ln -s /home/anime/town/shared/tmp/cache /home/anime/town/releases/20170522120723/tmp/cache as anime@160.16.198.30
 DEBUG [80a6abda] Command: ( export RBENV_ROOT="/usr/local/rbenv" RBENV_VERSION="2.3.1" ; /usr/bin/env ln -s /home/anime/town/shared/tmp/cache /home/anime/town/releases/20170522120723/tmp/cache )
 DEBUG [80a6abda] 	bash: warning: setlocale: LC_ALL: cannot change locale (C.UTF-8)
  INFO [80a6abda] Finished in 0.089 seconds with exit status 0 (successful).
 DEBUG [3a3be6db] Running [ -L /home/anime/town/releases/20170522120723/tmp/sockets ] as anime@160.16.198.30
 DEBUG [3a3be6db] Command: [ -L /home/anime/town/releases/20170522120723/tmp/sockets ]
 DEBUG [3a3be6db] 	bash: warning: setlocale: LC_ALL: cannot change locale (C.UTF-8)
 DEBUG [3a3be6db] Finished in 0.090 seconds with exit status 1 (failed).
 DEBUG [0cfe079d] Running [ -d /home/anime/town/releases/20170522120723/tmp/sockets ] as anime@160.16.198.30
 DEBUG [0cfe079d] Command: [ -d /home/anime/town/releases/20170522120723/tmp/sockets ]
 DEBUG [0cfe079d] 	bash: warning: setlocale: LC_ALL: cannot change locale (C.UTF-8)
 DEBUG [0cfe079d] Finished in 0.087 seconds with exit status 1 (failed).
  INFO [65870cf4] Running /usr/bin/env ln -s /home/anime/town/shared/tmp/sockets /home/anime/town/releases/20170522120723/tmp/sockets as anime@160.16.198.30
 DEBUG [65870cf4] Command: ( export RBENV_ROOT="/usr/local/rbenv" RBENV_VERSION="2.3.1" ; /usr/bin/env ln -s /home/anime/town/shared/tmp/sockets /home/anime/town/releases/20170522120723/tmp/sockets )
 DEBUG [65870cf4] 	bash: warning: setlocale: LC_ALL: cannot change locale (C.UTF-8)
  INFO [65870cf4] Finished in 0.090 seconds with exit status 0 (successful).
 DEBUG [9af8b0e1] Running [ -L /home/anime/town/releases/20170522120723/vendor/bundle ] as anime@160.16.198.30
 DEBUG [9af8b0e1] Command: [ -L /home/anime/town/releases/20170522120723/vendor/bundle ]
 DEBUG [9af8b0e1] 	bash: warning: setlocale: LC_ALL: cannot change locale (C.UTF-8)
 DEBUG [9af8b0e1] Finished in 0.089 seconds with exit status 1 (failed).
 DEBUG [3af7fcf0] Running [ -d /home/anime/town/releases/20170522120723/vendor/bundle ] as anime@160.16.198.30
 DEBUG [3af7fcf0] Command: [ -d /home/anime/town/releases/20170522120723/vendor/bundle ]
 DEBUG [3af7fcf0] 	bash: warning: setlocale: LC_ALL: cannot change locale (C.UTF-8)
 DEBUG [3af7fcf0] Finished in 0.087 seconds with exit status 1 (failed).
  INFO [ac2901ec] Running /usr/bin/env ln -s /home/anime/town/shared/vendor/bundle /home/anime/town/releases/20170522120723/vendor/bundle as anime@160.16.198.30
 DEBUG [ac2901ec] Command: ( export RBENV_ROOT="/usr/local/rbenv" RBENV_VERSION="2.3.1" ; /usr/bin/env ln -s /home/anime/town/shared/vendor/bundle /home/anime/town/releases/20170522120723/vendor/bundle )
 DEBUG [ac2901ec] 	bash: warning: setlocale: LC_ALL: cannot change locale (C.UTF-8)
  INFO [ac2901ec] Finished in 0.089 seconds with exit status 0 (successful).
 DEBUG [2854dfbb] Running [ -L /home/anime/town/releases/20170522120723/public/assets ] as anime@160.16.198.30
 DEBUG [2854dfbb] Command: [ -L /home/anime/town/releases/20170522120723/public/assets ]
 DEBUG [2854dfbb] 	bash: warning: setlocale: LC_ALL: cannot change locale (C.UTF-8)
 DEBUG [2854dfbb] Finished in 0.087 seconds with exit status 1 (failed).
 DEBUG [3c93b67f] Running [ -d /home/anime/town/releases/20170522120723/public/assets ] as anime@160.16.198.30
 DEBUG [3c93b67f] Command: [ -d /home/anime/town/releases/20170522120723/public/assets ]
 DEBUG [3c93b67f] 	bash: warning: setlocale: LC_ALL: cannot change locale (C.UTF-8)
 DEBUG [3c93b67f] Finished in 0.088 seconds with exit status 1 (failed).
  INFO [f563981c] Running /usr/bin/env ln -s /home/anime/town/shared/public/assets /home/anime/town/releases/20170522120723/public/assets as anime@160.16.198.30
 DEBUG [f563981c] Command: ( export RBENV_ROOT="/usr/local/rbenv" RBENV_VERSION="2.3.1" ; /usr/bin/env ln -s /home/anime/town/shared/public/assets /home/anime/town/releases/20170522120723/public/assets )
 DEBUG [f563981c] 	bash: warning: setlocale: LC_ALL: cannot change locale (C.UTF-8)
  INFO [f563981c] Finished in 0.090 seconds with exit status 0 (successful).
 DEBUG [09153113] Running if test ! -d /home/anime/town/releases/20170522120723; then echo "Directory does not exist '/home/anime/town/releases/20170522120723'" 1>&2; false; fi as anime@160.16.198.30
 DEBUG [09153113] Command: if test ! -d /home/anime/town/releases/20170522120723; then echo "Directory does not exist '/home/anime/town/releases/20170522120723'" 1>&2; false; fi
 DEBUG [09153113] 	bash: warning: setlocale: LC_ALL: cannot change locale (C.UTF-8)
 DEBUG [09153113] Finished in 0.088 seconds with exit status 0 (successful).
 DEBUG [c551cd3c] Running RBENV_ROOT=/usr/local/rbenv RBENV_VERSION=2.3.1 /usr/local/rbenv/bin/rbenv exec bundle check --path /home/anime/town/shared/bundle as anime@160.16.198.30
 DEBUG [c551cd3c] Command: cd /home/anime/town/releases/20170522120723 && ( export RBENV_ROOT="/usr/local/rbenv" RBENV_VERSION="2.3.1" ; RBENV_ROOT=/usr/local/rbenv RBENV_VERSION=2.3.1 /usr/local/rbenv/bin/rbenv exec bundle check --path /home/anime/town/shared/bundle )
 DEBUG [c551cd3c] 	bash: warning: setlocale: LC_ALL: cannot change locale (C.UTF-8)
 DEBUG [c551cd3c] 	bash: warning: setlocale: LC_ALL: cannot change locale (C.UTF-8)
 DEBUG [c551cd3c] 	bash: warning: setlocale: LC_ALL: cannot change locale (C.UTF-8)
 DEBUG [c551cd3c] 	bash: warning: setlocale: LC_ALL: cannot change locale (C.UTF-8)
 DEBUG [c551cd3c] 	bash: warning: setlocale: LC_ALL: cannot change locale (C.UTF-8)
 DEBUG [c551cd3c] 	bash: warning: setlocale: LC_ALL: cannot change locale (C.UTF-8)
 DEBUG [c551cd3c] 	bash: warning: setlocale: LC_ALL: cannot change locale (C.UTF-8)
 DEBUG [c551cd3c] 	bash: warning: setlocale: LC_ALL: cannot change locale (C.UTF-8)
 DEBUG [c551cd3c] 	Your Gemfile lists the gem spring (>= 0) more than once.
You should probably keep only one of them.
While it's not a problem now, it could cause errors if you change the version of one of them later.
 DEBUG [c551cd3c] 	Warning: the running version of Bundler (1.14.3) is older than the version that created the lockfile (1.14.4). We suggest you upgrade to the latest version of Bundler by running `gem install bundler`.
 DEBUG [c551cd3c] 	The following gems are missing
 DEBUG [c551cd3c] 	 * rake (12.0.0)
 DEBUG [c551cd3c] 	 * concurrent-ruby (1.0.5)
 DEBUG [c551cd3c] 	 * i18n (0.8.1)
 DEBUG [c551cd3c] 	 * minitest (5.10.2)
 DEBUG [c551cd3c] 	 * thread_safe (0.3.6)
 DEBUG [c551cd3c] 	 * tzinfo (1.2.3)
 DEBUG [c551cd3c] 	 * activesupport (5.0.0)
 DEBUG [c551cd3c] 	 * builder (3.2.3)
 DEBUG [c551cd3c] 	 * erubis (2.7.0)
 DEBUG [c551cd3c] 	 * mini_portile2 (2.1.0)
 DEBUG [c551cd3c] 	 * nokogiri (1.7.2)
 DEBUG [c551cd3c] 	 * rails-dom-testing (2.0.3)
 DEBUG [c551cd3c] 	 * loofah (2.0.3)
 DEBUG [c551cd3c] 	 * rails-html-sanitizer (1.0.3)
 DEBUG [c551cd3c] 	 * actionview (5.0.0)
 DEBUG [c551cd3c] 	 * rack (2.0.3)
 DEBUG [c551cd3c] 	 * rack-test (0.6.3)
 DEBUG [c551cd3c] 	 * actionpack (5.0.0)
 DEBUG [c551cd3c] 	 * nio4r (1.2.1)
 DEBUG [c551cd3c] 	 * websocket-extensions (0.1.2)
 DEBUG [c551cd3c] 	 * websocket-driver (0.6.5)
 DEBUG [c551cd3c] 	 * actioncable (5.0.0)
 DEBUG [c551cd3c] 	 * globalid (0.4.0)
 DEBUG [c551cd3c] 	 * activejob (5.0.0)
 DEBUG [c551cd3c] 	 * mime-types-data (3.2016.0521)
 DEBUG [c551cd3c] 	 * mime-types (3.1)
 DEBUG [c551cd3c] 	 * mail (2.6.5)
 DEBUG [c551cd3c] 	 * actionmailer (5.0.0)
 DEBUG [c551cd3c] 	 * activemodel (5.0.0)
 DEBUG [c551cd3c] 	 * arel (7.1.4)
 DEBUG [c551cd3c] 	 * activerecord (5.0.0)
 DEBUG [c551cd3c] 	 * net-ssh (4.1.0)
 DEBUG [c551cd3c] 	 * net-scp (1.2.1)
 DEBUG [c551cd3c] 	 * sshkit (1.13.1)
 DEBUG [c551cd3c] 	 * airbrussh (1.2.0)
 DEBUG [c551cd3c] 	 * debug_inspector (0.0.2)
 DEBUG [c551cd3c] 	 * binding_of_caller (0.7.2)
 DEBUG [c551cd3c] 	 * byebug (9.0.6)
 DEBUG [c551cd3c] 	 * capistrano (3.8.1)
 DEBUG [c551cd3c] 	 * capistrano-bundler (1.2.0)
 DEBUG [c551cd3c] 	 * capistrano-rails (1.2.3)
 DEBUG [c551cd3c] 	 * capistrano-rbenv (2.1.1)
 DEBUG [c551cd3c] 	 * coffee-script-source (1.12.2)
 DEBUG [c551cd3c] 	 * execjs (2.7.0)
 DEBUG [c551cd3c] 	 * coffee-script (2.4.1)
 DEBUG [c551cd3c] 	 * method_source (0.8.2)
 DEBUG [c551cd3c] 	 * thor (0.19.4)
 DEBUG [c551cd3c] 	 * railties (5.0.0)
 DEBUG [c551cd3c] 	 * coffee-rails (4.1.1)
 DEBUG [c551cd3c] 	 * multi_json (1.12.1)
 DEBUG [c551cd3c] 	 * jbuilder (2.6.1)
 DEBUG [c551cd3c] 	 * jquery-rails (4.2.2)
 DEBUG [c551cd3c] 	 * json (1.8.6)
 DEBUG [c551cd3c] 	 * sprockets (3.7.1)
 DEBUG [c551cd3c] 	 * sprockets-rails (3.2.0)
 DEBUG [c551cd3c] 	 * rails (5.0.0)
 DEBUG [c551cd3c] 	 * rdoc (4.3.0)
 DEBUG [c551cd3c] 	 * sass (3.4.23)
 DEBUG [c551cd3c] 	 * tilt (2.0.6)
 DEBUG [c551cd3c] 	 * sass-rails (5.0.6)
 DEBUG [c551cd3c] 	 * sdoc (0.4.2)
 DEBUG [c551cd3c] 	 * spring (2.0.1)
 DEBUG [c551cd3c] 	 * sqlite3 (1.3.13)
 DEBUG [c551cd3c] 	 * turbolinks-source (5.0.0)
 DEBUG [c551cd3c] 	 * turbolinks (5.0.1)
 DEBUG [c551cd3c] 	 * uglifier (3.0.4)
 DEBUG [c551cd3c] 	 * web-console (2.3.0)
 DEBUG [c551cd3c] 	Install missing gems with `bundle install`
 DEBUG [c551cd3c] Finished in 0.618 seconds with exit status 1 (failed).
  INFO [f144835b] Running RBENV_ROOT=/usr/local/rbenv RBENV_VERSION=2.3.1 /usr/local/rbenv/bin/rbenv exec bundle install --path /home/anime/town/shared/bundle --jobs 4 --without development test --deployment --quiet as anime@160.16.198.30
 DEBUG [f144835b] Command: cd /home/anime/town/releases/20170522120723 && ( export RBENV_ROOT="/usr/local/rbenv" RBENV_VERSION="2.3.1" ; RBENV_ROOT=/usr/local/rbenv RBENV_VERSION=2.3.1 /usr/local/rbenv/bin/rbenv exec bundle install --path /home/anime/town/shared/bundle --jobs 4 --without development test --deployment --quiet )
 DEBUG [f144835b] 	bash: warning: setlocale: LC_ALL: cannot change locale (C.UTF-8)
 DEBUG [f144835b] 	bash: warning: setlocale: LC_ALL: cannot change locale (C.UTF-8)
 DEBUG [f144835b] 	bash: warning: setlocale: LC_ALL: cannot change locale (C.UTF-8)
 DEBUG [f144835b] 	bash: warning: setlocale: LC_ALL: cannot change locale (C.UTF-8)
 DEBUG [f144835b] 	bash: warning: setlocale: LC_ALL: cannot change locale (C.UTF-8)
 DEBUG [f144835b] 	bash: warning: setlocale: LC_ALL: cannot change locale (C.UTF-8)
 DEBUG [f144835b] 	bash: warning: setlocale: LC_ALL: cannot change locale (C.UTF-8)
 DEBUG [f144835b] 	bash: warning: setlocale: LC_ALL: cannot change locale (C.UTF-8)
 DEBUG [f144835b] 	sh: warning: setlocale: LC_ALL: cannot change locale (C.UTF-8)
 DEBUG [f144835b] 	sh: warning: setlocale: LC_ALL: cannot change locale (C.UTF-8)
 DEBUG [f144835b] 	sh: warning: setlocale: LC_ALL: cannot change locale (C.UTF-8)
 DEBUG [f144835b] 	sh: warning: setlocale: LC_ALL: cannot change locale (C.UTF-8)
 DEBUG [f144835b] 	sh: warning: setlocale: LC_ALL: cannot change locale (C.UTF-8)
 DEBUG [f144835b] 	sh: warning: setlocale: LC_ALL: cannot change locale (C.UTF-8)
 DEBUG [f144835b] 	sh: warning: setlocale: LC_ALL: cannot change locale (C.UTF-8)
 DEBUG [f144835b] 	sh: warning: setlocale: LC_ALL: cannot change locale (C.UTF-8)
 DEBUG [f144835b] 	sh: warning: setlocale: LC_ALL: cannot change locale (C.UTF-8)
 DEBUG [f144835b] 	sh: warning: setlocale: LC_ALL: cannot change locale (C.UTF-8)
 DEBUG [f144835b] 	sh: warning: setlocale: LC_ALL: cannot change locale (C.UTF-8)
 DEBUG [f144835b] 	sh: warning: setlocale: LC_ALL: cannot change locale (C.UTF-8)
 DEBUG [f144835b] 	sh: warning: setlocale: LC_ALL: cannot change locale (C.UTF-8)
 DEBUG [f144835b] 	sh: warning: setlocale: LC_ALL: cannot change locale (C.UTF-8)
 DEBUG [f144835b] 	sh: warning: setlocale: LC_ALL: cannot change locale (C.UTF-8)
 DEBUG [f144835b] 	sh: warning: setlocale: LC_ALL: cannot change locale (C.UTF-8)
 DEBUG [f144835b] 	sh: warning: setlocale: LC_ALL: cannot change locale (C.UTF-8)
 DEBUG [f144835b] 	sh: warning: setlocale: LC_ALL: cannot change locale (C.UTF-8)
 DEBUG [f144835b] 	sh: warning: setlocale: LC_ALL: cannot change locale (C.UTF-8)
 DEBUG [f144835b] 	sh: warning: setlocale: LC_ALL: cannot change locale (C.UTF-8)
 DEBUG [f144835b] 	sh: warning: setlocale: LC_ALL: cannot change locale (C.UTF-8)
 DEBUG [f144835b] 	sh: warning: setlocale: LC_ALL: cannot change locale (C.UTF-8)
 DEBUG [f144835b] 	sh: warning: setlocale: LC_ALL: cannot change locale (C.UTF-8)
 DEBUG [f144835b] 	sh: warning: setlocale: LC_ALL: cannot change locale (C.UTF-8)
 DEBUG [f144835b] 	sh: warning: setlocale: LC_ALL: cannot change locale (C.UTF-8)
 DEBUG [f144835b] 	sh: warning: setlocale: LC_ALL: cannot change locale (C.UTF-8)
 DEBUG [f144835b] 	sh: warning: setlocale: LC_ALL: cannot change locale (C.UTF-8)
 DEBUG [f144835b] 	sh: warning: setlocale: LC_ALL: cannot change locale (C.UTF-8)
  INFO [f144835b] Finished in 86.245 seconds with exit status 0 (successful).
 DEBUG [2ab7107a] Running if test ! -d /home/anime/town/releases/20170522120723; then echo "Directory does not exist '/home/anime/town/releases/20170522120723'" 1>&2; false; fi as anime@160.16.198.30
 DEBUG [2ab7107a] Command: if test ! -d /home/anime/town/releases/20170522120723; then echo "Directory does not exist '/home/anime/town/releases/20170522120723'" 1>&2; false; fi
 DEBUG [2ab7107a] 	bash: warning: setlocale: LC_ALL: cannot change locale (C.UTF-8)
 DEBUG [2ab7107a] Finished in 0.160 seconds with exit status 0 (successful).
  INFO [8939809d] Running RBENV_ROOT=/usr/local/rbenv RBENV_VERSION=2.3.1 /usr/local/rbenv/bin/rbenv exec bundle exec rake assets:precompile as anime@160.16.198.30
 DEBUG [8939809d] Command: cd /home/anime/town/releases/20170522120723 && ( export RBENV_ROOT="/usr/local/rbenv" RBENV_VERSION="2.3.1" RAILS_ENV="production" ; RBENV_ROOT=/usr/local/rbenv RBENV_VERSION=2.3.1 /usr/local/rbenv/bin/rbenv exec bundle exec rake assets:precompile )
 DEBUG [8939809d] 	bash: warning: setlocale: LC_ALL: cannot change locale (C.UTF-8)
 DEBUG [8939809d] 	bash: warning: setlocale: LC_ALL: cannot change locale (C.UTF-8)
 DEBUG [8939809d] 	bash: warning: setlocale: LC_ALL: cannot change locale (C.UTF-8)
 DEBUG [8939809d] 	bash: warning: setlocale: LC_ALL: cannot change locale (C.UTF-8)
 DEBUG [8939809d] 	bash: warning: setlocale: LC_ALL: cannot change locale (C.UTF-8)
 DEBUG [8939809d] 	bash: warning: setlocale: LC_ALL: cannot change locale (C.UTF-8)
 DEBUG [8939809d] 	bash: warning: setlocale: LC_ALL: cannot change locale (C.UTF-8)
 DEBUG [8939809d] 	bash: warning: setlocale: LC_ALL: cannot change locale (C.UTF-8)
 DEBUG [8939809d] 	I, [2017-05-22T21:09:03.263056 #15335]  INFO -- : Writing /home/anime/town/releases/20170522120723/public/assets/application-b57b3bdfe72296fe43304d7dcc0d525ba53322bda7a2be20284f11d266ddd7ba.js
 DEBUG [8939809d] 	I, [2017-05-22T21:09:03.268560 #15335]  INFO -- : Writing /home/anime/town/releases/20170522120723/public/assets/application-b57b3bdfe72296fe43304d7dcc0d525ba53322bda7a2be20284f11d266ddd7ba.js.gz
 DEBUG [8939809d] 	I, [2017-05-22T21:09:03.285422 #15335]  INFO -- : Writing /home/anime/town/releases/20170522120723/public/assets/application-e3b0c44298fc1c149afbf4c8996fb92427ae41e4649b934ca495991b7852b855.css
 DEBUG [8939809d] 	I, [2017-05-22T21:09:03.285886 #15335]  INFO -- : Writing /home/anime/town/releases/20170522120723/public/assets/application-e3b0c44298fc1c149afbf4c8996fb92427ae41e4649b934ca495991b7852b855.css.gz
  INFO [8939809d] Finished in 6.967 seconds with exit status 0 (successful).
 DEBUG [19cf12ce] Running if test ! -d /home/anime/town/releases/20170522120723; then echo "Directory does not exist '/home/anime/town/releases/20170522120723'" 1>&2; false; fi as anime@160.16.198.30
 DEBUG [19cf12ce] Command: if test ! -d /home/anime/town/releases/20170522120723; then echo "Directory does not exist '/home/anime/town/releases/20170522120723'" 1>&2; false; fi
 DEBUG [19cf12ce] 	bash: warning: setlocale: LC_ALL: cannot change locale (C.UTF-8)
 DEBUG [19cf12ce] Finished in 0.124 seconds with exit status 0 (successful).
  INFO [3f423b95] Running /usr/bin/env mkdir -p /home/anime/town/releases/20170522120723/assets_manifest_backup as anime@160.16.198.30
 DEBUG [3f423b95] Command: cd /home/anime/town/releases/20170522120723 && ( export RBENV_ROOT="/usr/local/rbenv" RBENV_VERSION="2.3.1" ; /usr/bin/env mkdir -p /home/anime/town/releases/20170522120723/assets_manifest_backup )
 DEBUG [3f423b95] 	bash: warning: setlocale: LC_ALL: cannot change locale (C.UTF-8)
  INFO [3f423b95] Finished in 0.091 seconds with exit status 0 (successful).
 DEBUG [88b6fc75] Running /usr/bin/env ls /home/anime/town/releases/20170522120723/public/assets/.sprockets-manifest* as anime@160.16.198.30
 DEBUG [88b6fc75] Command: cd /home/anime/town/releases/20170522120723 && ( export RBENV_ROOT="/usr/local/rbenv" RBENV_VERSION="2.3.1" ; /usr/bin/env ls /home/anime/town/releases/20170522120723/public/assets/.sprockets-manifest* )
 DEBUG [88b6fc75] 	bash: warning: setlocale: LC_ALL: cannot change locale (C.UTF-8)
 DEBUG [88b6fc75] 	/home/anime/town/releases/20170522120723/public/assets/.sprockets-manifest-348532bb52b1e9784413fbc1c0e8db9d.json
 DEBUG [88b6fc75] Finished in 0.090 seconds with exit status 0 (successful).
 DEBUG [dba4a4d5] Running /usr/bin/env ls /home/anime/town/releases/20170522120723/public/assets/.sprockets-manifest* as anime@160.16.198.30
 DEBUG [dba4a4d5] Command: cd /home/anime/town/releases/20170522120723 && ( export RBENV_ROOT="/usr/local/rbenv" RBENV_VERSION="2.3.1" ; /usr/bin/env ls /home/anime/town/releases/20170522120723/public/assets/.sprockets-manifest* )
 DEBUG [dba4a4d5] 	bash: warning: setlocale: LC_ALL: cannot change locale (C.UTF-8)
 DEBUG [dba4a4d5] 	/home/anime/town/releases/20170522120723/public/assets/.sprockets-manifest-348532bb52b1e9784413fbc1c0e8db9d.json
 DEBUG [dba4a4d5] Finished in 0.090 seconds with exit status 0 (successful).
  INFO [f335a24c] Running /usr/bin/env cp /home/anime/town/releases/20170522120723/public/assets/.sprockets-manifest-348532bb52b1e9784413fbc1c0e8db9d.json /home/anime/town/releases/20170522120723/assets_manifest_backup as anime@160.16.198.30
 DEBUG [f335a24c] Command: cd /home/anime/town/releases/20170522120723 && ( export RBENV_ROOT="/usr/local/rbenv" RBENV_VERSION="2.3.1" ; /usr/bin/env cp /home/anime/town/releases/20170522120723/public/assets/.sprockets-manifest-348532bb52b1e9784413fbc1c0e8db9d.json /home/anime/town/releases/20170522120723/assets_manifest_backup )
 DEBUG [f335a24c] 	bash: warning: setlocale: LC_ALL: cannot change locale (C.UTF-8)
  INFO [f335a24c] Finished in 0.089 seconds with exit status 0 (successful).
  INFO [deploy:migrate] Run `rake db:migrate`
 DEBUG [c20d12a7] Running if test ! -d /home/anime/town/releases/20170522120723; then echo "Directory does not exist '/home/anime/town/releases/20170522120723'" 1>&2; false; fi as anime@160.16.198.30
 DEBUG [c20d12a7] Command: if test ! -d /home/anime/town/releases/20170522120723; then echo "Directory does not exist '/home/anime/town/releases/20170522120723'" 1>&2; false; fi
 DEBUG [c20d12a7] 	bash: warning: setlocale: LC_ALL: cannot change locale (C.UTF-8)
 DEBUG [c20d12a7] Finished in 0.087 seconds with exit status 0 (successful).
  INFO [3b4e151f] Running RBENV_ROOT=/usr/local/rbenv RBENV_VERSION=2.3.1 /usr/local/rbenv/bin/rbenv exec bundle exec rake db:migrate as anime@160.16.198.30
 DEBUG [3b4e151f] Command: cd /home/anime/town/releases/20170522120723 && ( export RBENV_ROOT="/usr/local/rbenv" RBENV_VERSION="2.3.1" RAILS_ENV="production" ; RBENV_ROOT=/usr/local/rbenv RBENV_VERSION=2.3.1 /usr/local/rbenv/bin/rbenv exec bundle exec rake db:migrate )
 DEBUG [3b4e151f] 	bash: warning: setlocale: LC_ALL: cannot change locale (C.UTF-8)
 DEBUG [3b4e151f] 	bash: warning: setlocale: LC_ALL: cannot change locale (C.UTF-8)
 DEBUG [3b4e151f] 	bash: warning: setlocale: LC_ALL: cannot change locale (C.UTF-8)
 DEBUG [3b4e151f] 	bash: warning: setlocale: LC_ALL: cannot change locale (C.UTF-8)
 DEBUG [3b4e151f] 	bash: warning: setlocale: LC_ALL: cannot change locale (C.UTF-8)
 DEBUG [3b4e151f] 	bash: warning: setlocale: LC_ALL: cannot change locale (C.UTF-8)
 DEBUG [3b4e151f] 	bash: warning: setlocale: LC_ALL: cannot change locale (C.UTF-8)
 DEBUG [3b4e151f] 	bash: warning: setlocale: LC_ALL: cannot change locale (C.UTF-8)
  INFO [3b4e151f] Finished in 2.247 seconds with exit status 0 (successful).
  INFO [2536d9c7] Running /usr/bin/env ln -s /home/anime/town/releases/20170522120723 /home/anime/town/releases/current as anime@160.16.198.30
 DEBUG [2536d9c7] Command: ( export RBENV_ROOT="/usr/local/rbenv" RBENV_VERSION="2.3.1" ; /usr/bin/env ln -s /home/anime/town/releases/20170522120723 /home/anime/town/releases/current )
 DEBUG [2536d9c7] 	bash: warning: setlocale: LC_ALL: cannot change locale (C.UTF-8)
  INFO [2536d9c7] Finished in 0.090 seconds with exit status 0 (successful).
  INFO [56420e38] Running /usr/bin/env mv /home/anime/town/releases/current /home/anime/town as anime@160.16.198.30
 DEBUG [56420e38] Command: ( export RBENV_ROOT="/usr/local/rbenv" RBENV_VERSION="2.3.1" ; /usr/bin/env mv /home/anime/town/releases/current /home/anime/town )
 DEBUG [56420e38] 	bash: warning: setlocale: LC_ALL: cannot change locale (C.UTF-8)
  INFO [56420e38] Finished in 0.146 seconds with exit status 0 (successful).
  INFO ---------------------------------------------------------------------------
  INFO START 2017-05-22 12:15:12 +0000 cap production deploy
  INFO ---------------------------------------------------------------------------
 DEBUG [2b2a1a1e] Running [ -d /usr/local/rbenv/versions/2.3.1 ] as anime@160.16.198.30
 DEBUG [2b2a1a1e] Command: [ -d /usr/local/rbenv/versions/2.3.1 ]
 DEBUG [2b2a1a1e] 	bash: warning: setlocale: LC_ALL: cannot change locale (C.UTF-8)
 DEBUG [2b2a1a1e] Finished in 1.105 seconds with exit status 0 (successful).
  INFO [c178cccd] Running /usr/bin/env mkdir -p /tmp as anime@160.16.198.30
 DEBUG [c178cccd] Command: ( export RBENV_ROOT="/usr/local/rbenv" RBENV_VERSION="2.3.1" ; /usr/bin/env mkdir -p /tmp )
 DEBUG [c178cccd] 	bash: warning: setlocale: LC_ALL: cannot change locale (C.UTF-8)
  INFO [c178cccd] Finished in 0.093 seconds with exit status 0 (successful).
 DEBUG Uploading /tmp/git-ssh-town-production-ubuntu.sh 0.0%
  INFO Uploading /tmp/git-ssh-town-production-ubuntu.sh 100.0%
  INFO [8f598c55] Running /usr/bin/env chmod 700 /tmp/git-ssh-town-production-ubuntu.sh as anime@160.16.198.30
 DEBUG [8f598c55] Command: ( export RBENV_ROOT="/usr/local/rbenv" RBENV_VERSION="2.3.1" ; /usr/bin/env chmod 700 /tmp/git-ssh-town-production-ubuntu.sh )
 DEBUG [8f598c55] 	bash: warning: setlocale: LC_ALL: cannot change locale (C.UTF-8)
  INFO [8f598c55] Finished in 0.095 seconds with exit status 0 (successful).
  INFO [8f9daceb] Running /usr/bin/env git ls-remote https://github.com/sagaekeiga/town.git HEAD as anime@160.16.198.30
 DEBUG [8f9daceb] Command: ( export RBENV_ROOT="/usr/local/rbenv" RBENV_VERSION="2.3.1" GIT_ASKPASS="/bin/echo" GIT_SSH="/tmp/git-ssh-town-production-ubuntu.sh" ; /usr/bin/env git ls-remote https://github.com/sagaekeiga/town.git HEAD )
 DEBUG [8f9daceb] 	bash: warning: setlocale: LC_ALL: cannot change locale (C.UTF-8)
 DEBUG [8f9daceb] 	f52e3225b43c3cfaac1461df11f3d027d8c86f52	HEAD
  INFO [8f9daceb] Finished in 2.324 seconds with exit status 0 (successful).
  INFO [5b9e96f2] Running /usr/bin/env mkdir -p /home/anime/town/shared /home/anime/town/releases as anime@160.16.198.30
 DEBUG [5b9e96f2] Command: ( export RBENV_ROOT="/usr/local/rbenv" RBENV_VERSION="2.3.1" ; /usr/bin/env mkdir -p /home/anime/town/shared /home/anime/town/releases )
 DEBUG [5b9e96f2] 	bash: warning: setlocale: LC_ALL: cannot change locale (C.UTF-8)
  INFO [5b9e96f2] Finished in 0.128 seconds with exit status 0 (successful).
  INFO [258c9dec] Running /usr/bin/env mkdir -p /home/anime/town/shared/bin /home/anime/town/shared/log /home/anime/town/shared/tmp/backup /home/anime/town/shared/tmp/pids /home/anime/town/shared/tmp/cache /home/anime/town/shared/tmp/sockets /home/anime/town/shared/vendor/bundle /home/anime/town/shared/public/assets as anime@160.16.198.30
 DEBUG [258c9dec] Command: ( export RBENV_ROOT="/usr/local/rbenv" RBENV_VERSION="2.3.1" ; /usr/bin/env mkdir -p /home/anime/town/shared/bin /home/anime/town/shared/log /home/anime/town/shared/tmp/backup /home/anime/town/shared/tmp/pids /home/anime/town/shared/tmp/cache /home/anime/town/shared/tmp/sockets /home/anime/town/shared/vendor/bundle /home/anime/town/shared/public/assets )
 DEBUG [258c9dec] 	bash: warning: setlocale: LC_ALL: cannot change locale (C.UTF-8)
  INFO [258c9dec] Finished in 0.093 seconds with exit status 0 (successful).
 DEBUG [7410a7fa] Running [ -f /home/anime/town/current/REVISION ] as anime@160.16.198.30
 DEBUG [7410a7fa] Command: [ -f /home/anime/town/current/REVISION ]
 DEBUG [7410a7fa] 	bash: warning: setlocale: LC_ALL: cannot change locale (C.UTF-8)
 DEBUG [7410a7fa] Finished in 0.090 seconds with exit status 0 (successful).
 DEBUG [2fafb0e6] Running /usr/bin/env cat /home/anime/town/current/REVISION 2>/dev/null as anime@160.16.198.30
 DEBUG [2fafb0e6] Command: ( export RBENV_ROOT="/usr/local/rbenv" RBENV_VERSION="2.3.1" ; /usr/bin/env cat /home/anime/town/current/REVISION 2>/dev/null )
 DEBUG [2fafb0e6] 	bash: warning: setlocale: LC_ALL: cannot change locale (C.UTF-8)
 DEBUG [2fafb0e6] 	809baf564e2eed1df543317647fd9f1036cd35de
 DEBUG [2fafb0e6] Finished in 0.196 seconds with exit status 0 (successful).
 DEBUG [1e44db66] Running [ -f /home/anime/town/repo/HEAD ] as anime@160.16.198.30
 DEBUG [1e44db66] Command: [ -f /home/anime/town/repo/HEAD ]
 DEBUG [1e44db66] 	bash: warning: setlocale: LC_ALL: cannot change locale (C.UTF-8)
 DEBUG [1e44db66] Finished in 0.090 seconds with exit status 0 (successful).
  INFO The repository mirror is at /home/anime/town/repo
 DEBUG [a214ffcf] Running if test ! -d /home/anime/town/repo; then echo "Directory does not exist '/home/anime/town/repo'" 1>&2; false; fi as anime@160.16.198.30
 DEBUG [a214ffcf] Command: if test ! -d /home/anime/town/repo; then echo "Directory does not exist '/home/anime/town/repo'" 1>&2; false; fi
 DEBUG [a214ffcf] 	bash: warning: setlocale: LC_ALL: cannot change locale (C.UTF-8)
 DEBUG [a214ffcf] Finished in 0.090 seconds with exit status 0 (successful).
  INFO [1816c296] Running /usr/bin/env git remote set-url origin https://github.com/sagaekeiga/town.git as anime@160.16.198.30
 DEBUG [1816c296] Command: cd /home/anime/town/repo && ( export RBENV_ROOT="/usr/local/rbenv" RBENV_VERSION="2.3.1" GIT_ASKPASS="/bin/echo" GIT_SSH="/tmp/git-ssh-town-production-ubuntu.sh" ; /usr/bin/env git remote set-url origin https://github.com/sagaekeiga/town.git )
 DEBUG [1816c296] 	bash: warning: setlocale: LC_ALL: cannot change locale (C.UTF-8)
  INFO [1816c296] Finished in 0.195 seconds with exit status 0 (successful).
  INFO [040ac5d9] Running /usr/bin/env git remote update --prune as anime@160.16.198.30
 DEBUG [040ac5d9] Command: cd /home/anime/town/repo && ( export RBENV_ROOT="/usr/local/rbenv" RBENV_VERSION="2.3.1" GIT_ASKPASS="/bin/echo" GIT_SSH="/tmp/git-ssh-town-production-ubuntu.sh" ; /usr/bin/env git remote update --prune )
 DEBUG [040ac5d9] 	bash: warning: setlocale: LC_ALL: cannot change locale (C.UTF-8)
 DEBUG [040ac5d9] 	Fetching origin
 DEBUG [040ac5d9] 	From https://github.com/sagaekeiga/town
   809baf5..f52e322  master     -> master
 * [new branch]      unicorn    -> unicorn
  INFO [040ac5d9] Finished in 1.375 seconds with exit status 0 (successful).
 DEBUG [b63cbc9f] Running if test ! -d /home/anime/town/repo; then echo "Directory does not exist '/home/anime/town/repo'" 1>&2; false; fi as anime@160.16.198.30
 DEBUG [b63cbc9f] Command: if test ! -d /home/anime/town/repo; then echo "Directory does not exist '/home/anime/town/repo'" 1>&2; false; fi
 DEBUG [b63cbc9f] 	bash: warning: setlocale: LC_ALL: cannot change locale (C.UTF-8)
 DEBUG [b63cbc9f] Finished in 0.106 seconds with exit status 0 (successful).
  INFO [73d32a24] Running /usr/bin/env mkdir -p /home/anime/town/releases/20170522121516 as anime@160.16.198.30
 DEBUG [73d32a24] Command: cd /home/anime/town/repo && ( export RBENV_ROOT="/usr/local/rbenv" RBENV_VERSION="2.3.1" GIT_ASKPASS="/bin/echo" GIT_SSH="/tmp/git-ssh-town-production-ubuntu.sh" ; /usr/bin/env mkdir -p /home/anime/town/releases/20170522121516 )
 DEBUG [73d32a24] 	bash: warning: setlocale: LC_ALL: cannot change locale (C.UTF-8)
  INFO [73d32a24] Finished in 0.126 seconds with exit status 0 (successful).
  INFO [836a2211] Running /usr/bin/env git archive master | /usr/bin/env tar -x -f - -C /home/anime/town/releases/20170522121516 as anime@160.16.198.30
 DEBUG [836a2211] Command: cd /home/anime/town/repo && ( export RBENV_ROOT="/usr/local/rbenv" RBENV_VERSION="2.3.1" GIT_ASKPASS="/bin/echo" GIT_SSH="/tmp/git-ssh-town-production-ubuntu.sh" ; /usr/bin/env git archive master | /usr/bin/env tar -x -f - -C /home/anime/town/releases/20170522121516 )
 DEBUG [836a2211] 	bash: warning: setlocale: LC_ALL: cannot change locale (C.UTF-8)
  INFO [836a2211] Finished in 0.392 seconds with exit status 0 (successful).
 DEBUG [d1dc22a2] Running if test ! -d /home/anime/town/repo; then echo "Directory does not exist '/home/anime/town/repo'" 1>&2; false; fi as anime@160.16.198.30
 DEBUG [d1dc22a2] Command: if test ! -d /home/anime/town/repo; then echo "Directory does not exist '/home/anime/town/repo'" 1>&2; false; fi
 DEBUG [d1dc22a2] 	bash: warning: setlocale: LC_ALL: cannot change locale (C.UTF-8)
 DEBUG [d1dc22a2] Finished in 0.091 seconds with exit status 0 (successful).
 DEBUG [385056fb] Running /usr/bin/env git rev-list --max-count=1 master as anime@160.16.198.30
 DEBUG [385056fb] Command: cd /home/anime/town/repo && ( export RBENV_ROOT="/usr/local/rbenv" RBENV_VERSION="2.3.1" GIT_ASKPASS="/bin/echo" GIT_SSH="/tmp/git-ssh-town-production-ubuntu.sh" ; /usr/bin/env git rev-list --max-count=1 master )
 DEBUG [385056fb] 	bash: warning: setlocale: LC_ALL: cannot change locale (C.UTF-8)
 DEBUG [385056fb] 	f52e3225b43c3cfaac1461df11f3d027d8c86f52
 DEBUG [385056fb] Finished in 0.094 seconds with exit status 0 (successful).
 DEBUG [8716dd94] Running if test ! -d /home/anime/town/releases/20170522121516; then echo "Directory does not exist '/home/anime/town/releases/20170522121516'" 1>&2; false; fi as anime@160.16.198.30
 DEBUG [8716dd94] Command: if test ! -d /home/anime/town/releases/20170522121516; then echo "Directory does not exist '/home/anime/town/releases/20170522121516'" 1>&2; false; fi
 DEBUG [8716dd94] 	bash: warning: setlocale: LC_ALL: cannot change locale (C.UTF-8)
 DEBUG [8716dd94] Finished in 0.090 seconds with exit status 0 (successful).
  INFO [96d3e2d8] Running /usr/bin/env echo "f52e3225b43c3cfaac1461df11f3d027d8c86f52" >> REVISION as anime@160.16.198.30
 DEBUG [96d3e2d8] Command: cd /home/anime/town/releases/20170522121516 && ( export RBENV_ROOT="/usr/local/rbenv" RBENV_VERSION="2.3.1" ; /usr/bin/env echo "f52e3225b43c3cfaac1461df11f3d027d8c86f52" >> REVISION )
 DEBUG [96d3e2d8] 	bash: warning: setlocale: LC_ALL: cannot change locale (C.UTF-8)
  INFO [96d3e2d8] Finished in 0.093 seconds with exit status 0 (successful).
  INFO [c75400fe] Running /usr/bin/env mkdir -p /home/anime/town/releases/20170522121516 /home/anime/town/releases/20170522121516/tmp /home/anime/town/releases/20170522121516/vendor /home/anime/town/releases/20170522121516/public as anime@160.16.198.30
 DEBUG [c75400fe] Command: ( export RBENV_ROOT="/usr/local/rbenv" RBENV_VERSION="2.3.1" ; /usr/bin/env mkdir -p /home/anime/town/releases/20170522121516 /home/anime/town/releases/20170522121516/tmp /home/anime/town/releases/20170522121516/vendor /home/anime/town/releases/20170522121516/public )
 DEBUG [c75400fe] 	bash: warning: setlocale: LC_ALL: cannot change locale (C.UTF-8)
  INFO [c75400fe] Finished in 0.092 seconds with exit status 0 (successful).
 DEBUG [9c81e11b] Running [ -L /home/anime/town/releases/20170522121516/bin ] as anime@160.16.198.30
 DEBUG [9c81e11b] Command: [ -L /home/anime/town/releases/20170522121516/bin ]
 DEBUG [9c81e11b] 	bash: warning: setlocale: LC_ALL: cannot change locale (C.UTF-8)
 DEBUG [9c81e11b] Finished in 0.093 seconds with exit status 1 (failed).
 DEBUG [1ea5734c] Running [ -d /home/anime/town/releases/20170522121516/bin ] as anime@160.16.198.30
 DEBUG [1ea5734c] Command: [ -d /home/anime/town/releases/20170522121516/bin ]
 DEBUG [1ea5734c] 	bash: warning: setlocale: LC_ALL: cannot change locale (C.UTF-8)
 DEBUG [1ea5734c] Finished in 0.092 seconds with exit status 0 (successful).
  INFO [825323d8] Running /usr/bin/env rm -rf /home/anime/town/releases/20170522121516/bin as anime@160.16.198.30
 DEBUG [825323d8] Command: ( export RBENV_ROOT="/usr/local/rbenv" RBENV_VERSION="2.3.1" ; /usr/bin/env rm -rf /home/anime/town/releases/20170522121516/bin )
 DEBUG [825323d8] 	bash: warning: setlocale: LC_ALL: cannot change locale (C.UTF-8)
  INFO [825323d8] Finished in 0.095 seconds with exit status 0 (successful).
  INFO [306e9fa8] Running /usr/bin/env ln -s /home/anime/town/shared/bin /home/anime/town/releases/20170522121516/bin as anime@160.16.198.30
 DEBUG [306e9fa8] Command: ( export RBENV_ROOT="/usr/local/rbenv" RBENV_VERSION="2.3.1" ; /usr/bin/env ln -s /home/anime/town/shared/bin /home/anime/town/releases/20170522121516/bin )
 DEBUG [306e9fa8] 	bash: warning: setlocale: LC_ALL: cannot change locale (C.UTF-8)
  INFO [306e9fa8] Finished in 0.095 seconds with exit status 0 (successful).
 DEBUG [2991bbe8] Running [ -L /home/anime/town/releases/20170522121516/log ] as anime@160.16.198.30
 DEBUG [2991bbe8] Command: [ -L /home/anime/town/releases/20170522121516/log ]
 DEBUG [2991bbe8] 	bash: warning: setlocale: LC_ALL: cannot change locale (C.UTF-8)
 DEBUG [2991bbe8] Finished in 0.090 seconds with exit status 1 (failed).
 DEBUG [ad57d27f] Running [ -d /home/anime/town/releases/20170522121516/log ] as anime@160.16.198.30
 DEBUG [ad57d27f] Command: [ -d /home/anime/town/releases/20170522121516/log ]
 DEBUG [ad57d27f] 	bash: warning: setlocale: LC_ALL: cannot change locale (C.UTF-8)
 DEBUG [ad57d27f] Finished in 0.091 seconds with exit status 0 (successful).
  INFO [d07f7d85] Running /usr/bin/env rm -rf /home/anime/town/releases/20170522121516/log as anime@160.16.198.30
 DEBUG [d07f7d85] Command: ( export RBENV_ROOT="/usr/local/rbenv" RBENV_VERSION="2.3.1" ; /usr/bin/env rm -rf /home/anime/town/releases/20170522121516/log )
 DEBUG [d07f7d85] 	bash: warning: setlocale: LC_ALL: cannot change locale (C.UTF-8)
  INFO [d07f7d85] Finished in 0.092 seconds with exit status 0 (successful).
  INFO [fa7610de] Running /usr/bin/env ln -s /home/anime/town/shared/log /home/anime/town/releases/20170522121516/log as anime@160.16.198.30
 DEBUG [fa7610de] Command: ( export RBENV_ROOT="/usr/local/rbenv" RBENV_VERSION="2.3.1" ; /usr/bin/env ln -s /home/anime/town/shared/log /home/anime/town/releases/20170522121516/log )
 DEBUG [fa7610de] 	bash: warning: setlocale: LC_ALL: cannot change locale (C.UTF-8)
  INFO [fa7610de] Finished in 0.092 seconds with exit status 0 (successful).
 DEBUG [d2964895] Running [ -L /home/anime/town/releases/20170522121516/tmp/backup ] as anime@160.16.198.30
 DEBUG [d2964895] Command: [ -L /home/anime/town/releases/20170522121516/tmp/backup ]
 DEBUG [d2964895] 	bash: warning: setlocale: LC_ALL: cannot change locale (C.UTF-8)
 DEBUG [d2964895] Finished in 0.091 seconds with exit status 1 (failed).
 DEBUG [5524a7ef] Running [ -d /home/anime/town/releases/20170522121516/tmp/backup ] as anime@160.16.198.30
 DEBUG [5524a7ef] Command: [ -d /home/anime/town/releases/20170522121516/tmp/backup ]
 DEBUG [5524a7ef] 	bash: warning: setlocale: LC_ALL: cannot change locale (C.UTF-8)
 DEBUG [5524a7ef] Finished in 0.091 seconds with exit status 1 (failed).
  INFO [84045ff9] Running /usr/bin/env ln -s /home/anime/town/shared/tmp/backup /home/anime/town/releases/20170522121516/tmp/backup as anime@160.16.198.30
 DEBUG [84045ff9] Command: ( export RBENV_ROOT="/usr/local/rbenv" RBENV_VERSION="2.3.1" ; /usr/bin/env ln -s /home/anime/town/shared/tmp/backup /home/anime/town/releases/20170522121516/tmp/backup )
 DEBUG [84045ff9] 	bash: warning: setlocale: LC_ALL: cannot change locale (C.UTF-8)
  INFO [84045ff9] Finished in 0.095 seconds with exit status 0 (successful).
 DEBUG [b459ff81] Running [ -L /home/anime/town/releases/20170522121516/tmp/pids ] as anime@160.16.198.30
 DEBUG [b459ff81] Command: [ -L /home/anime/town/releases/20170522121516/tmp/pids ]
 DEBUG [b459ff81] 	bash: warning: setlocale: LC_ALL: cannot change locale (C.UTF-8)
 DEBUG [b459ff81] Finished in 0.091 seconds with exit status 1 (failed).
 DEBUG [6206cb78] Running [ -d /home/anime/town/releases/20170522121516/tmp/pids ] as anime@160.16.198.30
 DEBUG [6206cb78] Command: [ -d /home/anime/town/releases/20170522121516/tmp/pids ]
 DEBUG [6206cb78] 	bash: warning: setlocale: LC_ALL: cannot change locale (C.UTF-8)
 DEBUG [6206cb78] Finished in 0.090 seconds with exit status 1 (failed).
  INFO [dd151de1] Running /usr/bin/env ln -s /home/anime/town/shared/tmp/pids /home/anime/town/releases/20170522121516/tmp/pids as anime@160.16.198.30
 DEBUG [dd151de1] Command: ( export RBENV_ROOT="/usr/local/rbenv" RBENV_VERSION="2.3.1" ; /usr/bin/env ln -s /home/anime/town/shared/tmp/pids /home/anime/town/releases/20170522121516/tmp/pids )
 DEBUG [dd151de1] 	bash: warning: setlocale: LC_ALL: cannot change locale (C.UTF-8)
  INFO [dd151de1] Finished in 0.093 seconds with exit status 0 (successful).
 DEBUG [e21602e9] Running [ -L /home/anime/town/releases/20170522121516/tmp/cache ] as anime@160.16.198.30
 DEBUG [e21602e9] Command: [ -L /home/anime/town/releases/20170522121516/tmp/cache ]
 DEBUG [e21602e9] 	bash: warning: setlocale: LC_ALL: cannot change locale (C.UTF-8)
 DEBUG [e21602e9] Finished in 0.090 seconds with exit status 1 (failed).
 DEBUG [1f19fac2] Running [ -d /home/anime/town/releases/20170522121516/tmp/cache ] as anime@160.16.198.30
 DEBUG [1f19fac2] Command: [ -d /home/anime/town/releases/20170522121516/tmp/cache ]
 DEBUG [1f19fac2] 	bash: warning: setlocale: LC_ALL: cannot change locale (C.UTF-8)
 DEBUG [1f19fac2] Finished in 0.090 seconds with exit status 1 (failed).
  INFO [c3ccf87d] Running /usr/bin/env ln -s /home/anime/town/shared/tmp/cache /home/anime/town/releases/20170522121516/tmp/cache as anime@160.16.198.30
 DEBUG [c3ccf87d] Command: ( export RBENV_ROOT="/usr/local/rbenv" RBENV_VERSION="2.3.1" ; /usr/bin/env ln -s /home/anime/town/shared/tmp/cache /home/anime/town/releases/20170522121516/tmp/cache )
 DEBUG [c3ccf87d] 	bash: warning: setlocale: LC_ALL: cannot change locale (C.UTF-8)
  INFO [c3ccf87d] Finished in 0.094 seconds with exit status 0 (successful).
 DEBUG [9c279297] Running [ -L /home/anime/town/releases/20170522121516/tmp/sockets ] as anime@160.16.198.30
 DEBUG [9c279297] Command: [ -L /home/anime/town/releases/20170522121516/tmp/sockets ]
 DEBUG [9c279297] 	bash: warning: setlocale: LC_ALL: cannot change locale (C.UTF-8)
 DEBUG [9c279297] Finished in 0.090 seconds with exit status 1 (failed).
 DEBUG [388ac983] Running [ -d /home/anime/town/releases/20170522121516/tmp/sockets ] as anime@160.16.198.30
 DEBUG [388ac983] Command: [ -d /home/anime/town/releases/20170522121516/tmp/sockets ]
 DEBUG [388ac983] 	bash: warning: setlocale: LC_ALL: cannot change locale (C.UTF-8)
 DEBUG [388ac983] Finished in 0.090 seconds with exit status 1 (failed).
  INFO [95329590] Running /usr/bin/env ln -s /home/anime/town/shared/tmp/sockets /home/anime/town/releases/20170522121516/tmp/sockets as anime@160.16.198.30
 DEBUG [95329590] Command: ( export RBENV_ROOT="/usr/local/rbenv" RBENV_VERSION="2.3.1" ; /usr/bin/env ln -s /home/anime/town/shared/tmp/sockets /home/anime/town/releases/20170522121516/tmp/sockets )
 DEBUG [95329590] 	bash: warning: setlocale: LC_ALL: cannot change locale (C.UTF-8)
  INFO [95329590] Finished in 0.092 seconds with exit status 0 (successful).
 DEBUG [91cbae29] Running [ -L /home/anime/town/releases/20170522121516/vendor/bundle ] as anime@160.16.198.30
 DEBUG [91cbae29] Command: [ -L /home/anime/town/releases/20170522121516/vendor/bundle ]
 DEBUG [91cbae29] 	bash: warning: setlocale: LC_ALL: cannot change locale (C.UTF-8)
 DEBUG [91cbae29] Finished in 0.091 seconds with exit status 1 (failed).
 DEBUG [dcba3d71] Running [ -d /home/anime/town/releases/20170522121516/vendor/bundle ] as anime@160.16.198.30
 DEBUG [dcba3d71] Command: [ -d /home/anime/town/releases/20170522121516/vendor/bundle ]
 DEBUG [dcba3d71] 	bash: warning: setlocale: LC_ALL: cannot change locale (C.UTF-8)
 DEBUG [dcba3d71] Finished in 0.091 seconds with exit status 1 (failed).
  INFO [035f8c6c] Running /usr/bin/env ln -s /home/anime/town/shared/vendor/bundle /home/anime/town/releases/20170522121516/vendor/bundle as anime@160.16.198.30
 DEBUG [035f8c6c] Command: ( export RBENV_ROOT="/usr/local/rbenv" RBENV_VERSION="2.3.1" ; /usr/bin/env ln -s /home/anime/town/shared/vendor/bundle /home/anime/town/releases/20170522121516/vendor/bundle )
 DEBUG [035f8c6c] 	bash: warning: setlocale: LC_ALL: cannot change locale (C.UTF-8)
  INFO [035f8c6c] Finished in 0.092 seconds with exit status 0 (successful).
 DEBUG [b64706ea] Running [ -L /home/anime/town/releases/20170522121516/public/assets ] as anime@160.16.198.30
 DEBUG [b64706ea] Command: [ -L /home/anime/town/releases/20170522121516/public/assets ]
 DEBUG [b64706ea] 	bash: warning: setlocale: LC_ALL: cannot change locale (C.UTF-8)
 DEBUG [b64706ea] Finished in 0.089 seconds with exit status 1 (failed).
 DEBUG [f39062d8] Running [ -d /home/anime/town/releases/20170522121516/public/assets ] as anime@160.16.198.30
 DEBUG [f39062d8] Command: [ -d /home/anime/town/releases/20170522121516/public/assets ]
 DEBUG [f39062d8] 	bash: warning: setlocale: LC_ALL: cannot change locale (C.UTF-8)
 DEBUG [f39062d8] Finished in 0.090 seconds with exit status 1 (failed).
  INFO [6ede3fe9] Running /usr/bin/env ln -s /home/anime/town/shared/public/assets /home/anime/town/releases/20170522121516/public/assets as anime@160.16.198.30
 DEBUG [6ede3fe9] Command: ( export RBENV_ROOT="/usr/local/rbenv" RBENV_VERSION="2.3.1" ; /usr/bin/env ln -s /home/anime/town/shared/public/assets /home/anime/town/releases/20170522121516/public/assets )
 DEBUG [6ede3fe9] 	bash: warning: setlocale: LC_ALL: cannot change locale (C.UTF-8)
  INFO [6ede3fe9] Finished in 0.096 seconds with exit status 0 (successful).
 DEBUG [0e49c932] Running if test ! -d /home/anime/town/releases/20170522121516; then echo "Directory does not exist '/home/anime/town/releases/20170522121516'" 1>&2; false; fi as anime@160.16.198.30
 DEBUG [0e49c932] Command: if test ! -d /home/anime/town/releases/20170522121516; then echo "Directory does not exist '/home/anime/town/releases/20170522121516'" 1>&2; false; fi
 DEBUG [0e49c932] 	bash: warning: setlocale: LC_ALL: cannot change locale (C.UTF-8)
 DEBUG [0e49c932] Finished in 0.089 seconds with exit status 0 (successful).
 DEBUG [9544e827] Running RBENV_ROOT=/usr/local/rbenv RBENV_VERSION=2.3.1 /usr/local/rbenv/bin/rbenv exec bundle check --path /home/anime/town/shared/bundle as anime@160.16.198.30
 DEBUG [9544e827] Command: cd /home/anime/town/releases/20170522121516 && ( export RBENV_ROOT="/usr/local/rbenv" RBENV_VERSION="2.3.1" ; RBENV_ROOT=/usr/local/rbenv RBENV_VERSION=2.3.1 /usr/local/rbenv/bin/rbenv exec bundle check --path /home/anime/town/shared/bundle )
 DEBUG [9544e827] 	bash: warning: setlocale: LC_ALL: cannot change locale (C.UTF-8)
 DEBUG [9544e827] 	bash: warning: setlocale: LC_ALL: cannot change locale (C.UTF-8)
 DEBUG [9544e827] 	bash: warning: setlocale: LC_ALL: cannot change locale (C.UTF-8)
 DEBUG [9544e827] 	bash: warning: setlocale: LC_ALL: cannot change locale (C.UTF-8)
 DEBUG [9544e827] 	bash: warning: setlocale: LC_ALL: cannot change locale (C.UTF-8)
 DEBUG [9544e827] 	bash: warning: setlocale: LC_ALL: cannot change locale (C.UTF-8)
 DEBUG [9544e827] 	bash: warning: setlocale: LC_ALL: cannot change locale (C.UTF-8)
 DEBUG [9544e827] 	bash: warning: setlocale: LC_ALL: cannot change locale (C.UTF-8)
 DEBUG [9544e827] 	Your Gemfile lists the gem spring (>= 0) more than once.
You should probably keep only one of them.
While it's not a problem now, it could cause errors if you change the version of one of them later.
 DEBUG [9544e827] 	Warning: the running version of Bundler (1.14.3) is older than the version that created the lockfile (1.14.4). We suggest you upgrade to the latest version of Bundler by running `gem install bundler`.
 DEBUG [9544e827] 	The following gems are missing
 DEBUG [9544e827] 	 * net-ssh (4.1.0)
 DEBUG [9544e827] 	 * net-scp (1.2.1)
 DEBUG [9544e827] 	 * sshkit (1.13.1)
 DEBUG [9544e827] 	 * airbrussh (1.2.0)
 DEBUG [9544e827] 	 * debug_inspector (0.0.2)
 DEBUG [9544e827] 	 * binding_of_caller (0.7.2)
 DEBUG [9544e827] 	 * byebug (9.0.6)
 DEBUG [9544e827] 	 * capistrano (3.8.1)
 DEBUG [9544e827] 	 * capistrano-bundler (1.2.0)
 DEBUG [9544e827] 	 * capistrano-rails (1.2.3)
 DEBUG [9544e827] 	 * capistrano-rbenv (2.1.1)
 DEBUG [9544e827] 	 * kgio (2.11.0)
 DEBUG [9544e827] 	 * raindrops (0.18.0)
 DEBUG [9544e827] 	 * spring (2.0.1)
 DEBUG [9544e827] 	 * unicorn (5.3.0)
 DEBUG [9544e827] 	 * web-console (2.3.0)
 DEBUG [9544e827] 	Install missing gems with `bundle install`
 DEBUG [9544e827] Finished in 0.690 seconds with exit status 1 (failed).
  INFO [8f945224] Running RBENV_ROOT=/usr/local/rbenv RBENV_VERSION=2.3.1 /usr/local/rbenv/bin/rbenv exec bundle install --path /home/anime/town/shared/bundle --jobs 4 --without development test --deployment --quiet as anime@160.16.198.30
 DEBUG [8f945224] Command: cd /home/anime/town/releases/20170522121516 && ( export RBENV_ROOT="/usr/local/rbenv" RBENV_VERSION="2.3.1" ; RBENV_ROOT=/usr/local/rbenv RBENV_VERSION=2.3.1 /usr/local/rbenv/bin/rbenv exec bundle install --path /home/anime/town/shared/bundle --jobs 4 --without development test --deployment --quiet )
 DEBUG [8f945224] 	bash: warning: setlocale: LC_ALL: cannot change locale (C.UTF-8)
 DEBUG [8f945224] 	bash: warning: setlocale: LC_ALL: cannot change locale (C.UTF-8)
 DEBUG [8f945224] 	bash: warning: setlocale: LC_ALL: cannot change locale (C.UTF-8)
 DEBUG [8f945224] 	bash: warning: setlocale: LC_ALL: cannot change locale (C.UTF-8)
 DEBUG [8f945224] 	bash: warning: setlocale: LC_ALL: cannot change locale (C.UTF-8)
 DEBUG [8f945224] 	bash: warning: setlocale: LC_ALL: cannot change locale (C.UTF-8)
 DEBUG [8f945224] 	bash: warning: setlocale: LC_ALL: cannot change locale (C.UTF-8)
 DEBUG [8f945224] 	bash: warning: setlocale: LC_ALL: cannot change locale (C.UTF-8)
 DEBUG [8f945224] 	sh: warning: setlocale: LC_ALL: cannot change locale (C.UTF-8)
 DEBUG [8f945224] 	sh: warning: setlocale: LC_ALL: cannot change locale (C.UTF-8)
 DEBUG [8f945224] 	sh: warning: setlocale: LC_ALL: cannot change locale (C.UTF-8)
 DEBUG [8f945224] 	sh: warning: setlocale: LC_ALL: cannot change locale (C.UTF-8)
 DEBUG [8f945224] 	sh: warning: setlocale: LC_ALL: cannot change locale (C.UTF-8)
 DEBUG [8f945224] 	sh: warning: setlocale: LC_ALL: cannot change locale (C.UTF-8)
 DEBUG [8f945224] 	sh: warning: setlocale: LC_ALL: cannot change locale (C.UTF-8)
 DEBUG [8f945224] 	sh: warning: setlocale: LC_ALL: cannot change locale (C.UTF-8)
 DEBUG [8f945224] 	sh: warning: setlocale: LC_ALL: cannot change locale (C.UTF-8)
 DEBUG [8f945224] 	sh: warning: setlocale: LC_ALL: cannot change locale (C.UTF-8)
 DEBUG [8f945224] 	sh: warning: setlocale: LC_ALL: cannot change locale (C.UTF-8)
 DEBUG [8f945224] 	sh: warning: setlocale: LC_ALL: cannot change locale (C.UTF-8)
  INFO [8f945224] Finished in 30.307 seconds with exit status 0 (successful).
 DEBUG [f41fc8ae] Running if test ! -d /home/anime/town/releases/20170522121516; then echo "Directory does not exist '/home/anime/town/releases/20170522121516'" 1>&2; false; fi as anime@160.16.198.30
 DEBUG [f41fc8ae] Command: if test ! -d /home/anime/town/releases/20170522121516; then echo "Directory does not exist '/home/anime/town/releases/20170522121516'" 1>&2; false; fi
 DEBUG [f41fc8ae] 	bash: warning: setlocale: LC_ALL: cannot change locale (C.UTF-8)
 DEBUG [f41fc8ae] Finished in 0.094 seconds with exit status 0 (successful).
  INFO [302fb469] Running RBENV_ROOT=/usr/local/rbenv RBENV_VERSION=2.3.1 /usr/local/rbenv/bin/rbenv exec bundle exec rake assets:precompile as anime@160.16.198.30
 DEBUG [302fb469] Command: cd /home/anime/town/releases/20170522121516 && ( export RBENV_ROOT="/usr/local/rbenv" RBENV_VERSION="2.3.1" RAILS_ENV="production" ; RBENV_ROOT=/usr/local/rbenv RBENV_VERSION=2.3.1 /usr/local/rbenv/bin/rbenv exec bundle exec rake assets:precompile )
 DEBUG [302fb469] 	bash: warning: setlocale: LC_ALL: cannot change locale (C.UTF-8)
 DEBUG [302fb469] 	bash: warning: setlocale: LC_ALL: cannot change locale (C.UTF-8)
 DEBUG [302fb469] 	bash: warning: setlocale: LC_ALL: cannot change locale (C.UTF-8)
 DEBUG [302fb469] 	bash: warning: setlocale: LC_ALL: cannot change locale (C.UTF-8)
 DEBUG [302fb469] 	bash: warning: setlocale: LC_ALL: cannot change locale (C.UTF-8)
 DEBUG [302fb469] 	bash: warning: setlocale: LC_ALL: cannot change locale (C.UTF-8)
 DEBUG [302fb469] 	bash: warning: setlocale: LC_ALL: cannot change locale (C.UTF-8)
 DEBUG [302fb469] 	bash: warning: setlocale: LC_ALL: cannot change locale (C.UTF-8)
  INFO [302fb469] Finished in 2.462 seconds with exit status 0 (successful).
 DEBUG [77d362a2] Running if test ! -d /home/anime/town/releases/20170522121516; then echo "Directory does not exist '/home/anime/town/releases/20170522121516'" 1>&2; false; fi as anime@160.16.198.30
 DEBUG [77d362a2] Command: if test ! -d /home/anime/town/releases/20170522121516; then echo "Directory does not exist '/home/anime/town/releases/20170522121516'" 1>&2; false; fi
 DEBUG [77d362a2] 	bash: warning: setlocale: LC_ALL: cannot change locale (C.UTF-8)
 DEBUG [77d362a2] Finished in 0.091 seconds with exit status 0 (successful).
  INFO [7400e6c1] Running /usr/bin/env mkdir -p /home/anime/town/releases/20170522121516/assets_manifest_backup as anime@160.16.198.30
 DEBUG [7400e6c1] Command: cd /home/anime/town/releases/20170522121516 && ( export RBENV_ROOT="/usr/local/rbenv" RBENV_VERSION="2.3.1" ; /usr/bin/env mkdir -p /home/anime/town/releases/20170522121516/assets_manifest_backup )
 DEBUG [7400e6c1] 	bash: warning: setlocale: LC_ALL: cannot change locale (C.UTF-8)
  INFO [7400e6c1] Finished in 0.094 seconds with exit status 0 (successful).
 DEBUG [c698ed86] Running /usr/bin/env ls /home/anime/town/releases/20170522121516/public/assets/.sprockets-manifest* as anime@160.16.198.30
 DEBUG [c698ed86] Command: cd /home/anime/town/releases/20170522121516 && ( export RBENV_ROOT="/usr/local/rbenv" RBENV_VERSION="2.3.1" ; /usr/bin/env ls /home/anime/town/releases/20170522121516/public/assets/.sprockets-manifest* )
 DEBUG [c698ed86] 	bash: warning: setlocale: LC_ALL: cannot change locale (C.UTF-8)
 DEBUG [c698ed86] 	/home/anime/town/releases/20170522121516/public/assets/.sprockets-manifest-348532bb52b1e9784413fbc1c0e8db9d.json
 DEBUG [c698ed86] Finished in 0.096 seconds with exit status 0 (successful).
 DEBUG [8527d85d] Running /usr/bin/env ls /home/anime/town/releases/20170522121516/public/assets/.sprockets-manifest* as anime@160.16.198.30
 DEBUG [8527d85d] Command: cd /home/anime/town/releases/20170522121516 && ( export RBENV_ROOT="/usr/local/rbenv" RBENV_VERSION="2.3.1" ; /usr/bin/env ls /home/anime/town/releases/20170522121516/public/assets/.sprockets-manifest* )
 DEBUG [8527d85d] 	bash: warning: setlocale: LC_ALL: cannot change locale (C.UTF-8)
 DEBUG [8527d85d] 	/home/anime/town/releases/20170522121516/public/assets/.sprockets-manifest-348532bb52b1e9784413fbc1c0e8db9d.json
 DEBUG [8527d85d] Finished in 0.093 seconds with exit status 0 (successful).
  INFO [a04ec348] Running /usr/bin/env cp /home/anime/town/releases/20170522121516/public/assets/.sprockets-manifest-348532bb52b1e9784413fbc1c0e8db9d.json /home/anime/town/releases/20170522121516/assets_manifest_backup as anime@160.16.198.30
 DEBUG [a04ec348] Command: cd /home/anime/town/releases/20170522121516 && ( export RBENV_ROOT="/usr/local/rbenv" RBENV_VERSION="2.3.1" ; /usr/bin/env cp /home/anime/town/releases/20170522121516/public/assets/.sprockets-manifest-348532bb52b1e9784413fbc1c0e8db9d.json /home/anime/town/releases/20170522121516/assets_manifest_backup )
 DEBUG [a04ec348] 	bash: warning: setlocale: LC_ALL: cannot change locale (C.UTF-8)
  INFO [a04ec348] Finished in 0.093 seconds with exit status 0 (successful).
  INFO [deploy:migrate] Run `rake db:migrate`
 DEBUG [bc8f5626] Running if test ! -d /home/anime/town/releases/20170522121516; then echo "Directory does not exist '/home/anime/town/releases/20170522121516'" 1>&2; false; fi as anime@160.16.198.30
 DEBUG [bc8f5626] Command: if test ! -d /home/anime/town/releases/20170522121516; then echo "Directory does not exist '/home/anime/town/releases/20170522121516'" 1>&2; false; fi
 DEBUG [bc8f5626] 	bash: warning: setlocale: LC_ALL: cannot change locale (C.UTF-8)
 DEBUG [bc8f5626] Finished in 0.090 seconds with exit status 0 (successful).
  INFO [811298b5] Running RBENV_ROOT=/usr/local/rbenv RBENV_VERSION=2.3.1 /usr/local/rbenv/bin/rbenv exec bundle exec rake db:migrate as anime@160.16.198.30
 DEBUG [811298b5] Command: cd /home/anime/town/releases/20170522121516 && ( export RBENV_ROOT="/usr/local/rbenv" RBENV_VERSION="2.3.1" RAILS_ENV="production" ; RBENV_ROOT=/usr/local/rbenv RBENV_VERSION=2.3.1 /usr/local/rbenv/bin/rbenv exec bundle exec rake db:migrate )
 DEBUG [811298b5] 	bash: warning: setlocale: LC_ALL: cannot change locale (C.UTF-8)
 DEBUG [811298b5] 	bash: warning: setlocale: LC_ALL: cannot change locale (C.UTF-8)
 DEBUG [811298b5] 	bash: warning: setlocale: LC_ALL: cannot change locale (C.UTF-8)
 DEBUG [811298b5] 	bash: warning: setlocale: LC_ALL: cannot change locale (C.UTF-8)
 DEBUG [811298b5] 	bash: warning: setlocale: LC_ALL: cannot change locale (C.UTF-8)
 DEBUG [811298b5] 	bash: warning: setlocale: LC_ALL: cannot change locale (C.UTF-8)
 DEBUG [811298b5] 	bash: warning: setlocale: LC_ALL: cannot change locale (C.UTF-8)
 DEBUG [811298b5] 	bash: warning: setlocale: LC_ALL: cannot change locale (C.UTF-8)
  INFO [811298b5] Finished in 2.449 seconds with exit status 0 (successful).
  INFO [c41693a5] Running /usr/bin/env ln -s /home/anime/town/releases/20170522121516 /home/anime/town/releases/current as anime@160.16.198.30
 DEBUG [c41693a5] Command: ( export RBENV_ROOT="/usr/local/rbenv" RBENV_VERSION="2.3.1" ; /usr/bin/env ln -s /home/anime/town/releases/20170522121516 /home/anime/town/releases/current )
 DEBUG [c41693a5] 	bash: warning: setlocale: LC_ALL: cannot change locale (C.UTF-8)
  INFO [c41693a5] Finished in 0.095 seconds with exit status 0 (successful).
  INFO [a7045ffe] Running /usr/bin/env mv /home/anime/town/releases/current /home/anime/town as anime@160.16.198.30
 DEBUG [a7045ffe] Command: ( export RBENV_ROOT="/usr/local/rbenv" RBENV_VERSION="2.3.1" ; /usr/bin/env mv /home/anime/town/releases/current /home/anime/town )
 DEBUG [a7045ffe] 	bash: warning: setlocale: LC_ALL: cannot change locale (C.UTF-8)
  INFO [a7045ffe] Finished in 0.095 seconds with exit status 0 (successful).
